[debug] [2023-07-11T19:03:19.710Z] ----------------------------------------------------------------------
[debug] [2023-07-11T19:03:19.713Z] Command:       C:\Program Files\nodejs\node.exe C:\Users\MSI\AppData\Roaming\npm\node_modules\firebase-tools\lib\bin\firebase.js init
[debug] [2023-07-11T19:03:19.713Z] CLI Version:   12.4.2
[debug] [2023-07-11T19:03:19.713Z] Platform:      win32
[debug] [2023-07-11T19:03:19.714Z] Node Version:  v18.16.1
[debug] [2023-07-11T19:03:19.714Z] Time:          Wed Jul 12 2023 00:33:19 GMT+0530 (India Standard Time)
[debug] [2023-07-11T19:03:19.715Z] ----------------------------------------------------------------------
[debug] 
[debug] [2023-07-11T19:03:19.722Z] > command requires scopes: ["email","openid","https://www.googleapis.com/auth/cloudplatformprojects.readonly","https://www.googleapis.com/auth/firebase","https://www.googleapis.com/auth/cloud-platform"]
[debug] [2023-07-11T19:03:19.722Z] > authorizing via signed-in user (akashdagur3333@gmail.com)
[info] 
     ######## #### ########  ######## ########     ###     ######  ########
     ##        ##  ##     ## ##       ##     ##  ##   ##  ##       ##
     ######    ##  ########  ######   ########  #########  ######  ######
     ##        ##  ##    ##  ##       ##     ## ##     ##       ## ##
     ##       #### ##     ## ######## ########  ##     ##  ######  ########

You're about to initialize a Firebase project in this directory:

  C:\Users\MSI\OneDrive\Desktop\11-07-2023\Abstracthtml

[info] 
=== Account Setup
[info] 
[info] Which account do you want to use for this project? Choose an account or add a new one now
[info] 
[debug] [2023-07-11T19:03:26.019Z] setProjectAccount(C:\Users\MSI\OneDrive\Desktop\11-07-2023\Abstracthtml, ramangroverind@gmail.com)
[info] 
[info] +  Using account: ramangroverind@gmail.com 
[info] 
=== Project Setup
[info] 
[info] First, let's associate this project directory with a Firebase project.
[info] You can create multiple project aliases by running firebase use --add, 
[info] but for now we'll just set up a default project.
[info] 
[debug] [2023-07-11T19:03:27.315Z] > refreshing access token with scopes: []
[debug] [2023-07-11T19:03:27.317Z] >>> [apiv2][query] POST https://www.googleapis.com/oauth2/v3/token [none]
[debug] [2023-07-11T19:03:27.317Z] >>> [apiv2][body] POST https://www.googleapis.com/oauth2/v3/token [omitted]
[debug] [2023-07-11T19:03:27.612Z] <<< [apiv2][status] POST https://www.googleapis.com/oauth2/v3/token 200
[debug] [2023-07-11T19:03:27.612Z] <<< [apiv2][body] POST https://www.googleapis.com/oauth2/v3/token [omitted]
[debug] [2023-07-11T19:03:27.621Z] >>> [apiv2][query] GET https://firebase.googleapis.com/v1beta1/projects pageSize=100
[debug] [2023-07-11T19:03:28.702Z] <<< [apiv2][status] GET https://firebase.googleapis.com/v1beta1/projects 200
[debug] [2023-07-11T19:03:28.703Z] <<< [apiv2][body] GET https://firebase.googleapis.com/v1beta1/projects [omitted]
[info] i  Using project abstractwebsite-f3697 (AbstractWebsite) 
[info] 
=== Hosting Setup
[info] 
[info] Your public directory is the folder (relative to your project directory) that
[info] will contain Hosting assets to be uploaded with firebase deploy. If you
[info] have a build process for your assets, use your build's output directory.
[info] 
[debug] [2023-07-11T19:03:48.558Z] Error: ENOTDIR: not a directory, scandir 'C:\Users\MSI\OneDrive\Desktop\11-07-2023\Abstracthtml\index.html'
    at Object.readdirSync (node:fs:1452:3)
    at Object.createFileSync (C:\Users\MSI\AppData\Roaming\npm\node_modules\firebase-tools\node_modules\fs-extra\lib\ensure\file.js:55:10)
    at Config.writeProjectFile (C:\Users\MSI\AppData\Roaming\npm\node_modules\firebase-tools\lib\config.js:152:12)
    at C:\Users\MSI\AppData\Roaming\npm\node_modules\firebase-tools\lib\config.js:176:22
    at process.processTicksAndRejections (node:internal/process/task_queues:95:5)
    at async doSetup (C:\Users\MSI\AppData\Roaming\npm\node_modules\firebase-tools\lib\init\features\hosting\index.js:141:13)
    at async init (C:\Users\MSI\AppData\Roaming\npm\node_modules\firebase-tools\lib\init\index.js:41:9)
[error] 
[error] Error: An unexpected error has occurred.
[debug] [2023-07-11T19:03:54.758Z] ----------------------------------------------------------------------
[debug] [2023-07-11T19:03:54.760Z] Command:       C:\Program Files\nodejs\node.exe C:\Users\MSI\AppData\Roaming\npm\node_modules\firebase-tools\lib\bin\firebase.js init
[debug] [2023-07-11T19:03:54.760Z] CLI Version:   12.4.2
[debug] [2023-07-11T19:03:54.761Z] Platform:      win32
[debug] [2023-07-11T19:03:54.761Z] Node Version:  v18.16.1
[debug] [2023-07-11T19:03:54.762Z] Time:          Wed Jul 12 2023 00:33:54 GMT+0530 (India Standard Time)
[debug] [2023-07-11T19:03:54.762Z] ----------------------------------------------------------------------
[debug] 
[debug] [2023-07-11T19:03:54.769Z] > command requires scopes: ["email","openid","https://www.googleapis.com/auth/cloudplatformprojects.readonly","https://www.googleapis.com/auth/firebase","https://www.googleapis.com/auth/cloud-platform"]
[debug] [2023-07-11T19:03:54.770Z] > authorizing via signed-in user (akashdagur3333@gmail.com)
[info] 
     ######## #### ########  ######## ########     ###     ######  ########
     ##        ##  ##     ## ##       ##     ##  ##   ##  ##       ##
     ######    ##  ########  ######   ########  #########  ######  ######
     ##        ##  ##    ##  ##       ##     ## ##     ##       ## ##
     ##       #### ##     ## ######## ########  ##     ##  ######  ########

You're about to initialize a Firebase project in this directory:

  C:\Users\MSI\OneDrive\Desktop\11-07-2023\Abstracthtml

[info] 
=== Account Setup
[info] 
[info] Which account do you want to use for this project? Choose an account or add a new one now
[info] 
[debug] [2023-07-11T19:04:00.908Z] setProjectAccount(C:\Users\MSI\OneDrive\Desktop\11-07-2023\Abstracthtml, ramangroverind@gmail.com)
[info] 
[info] +  Using account: ramangroverind@gmail.com 
[info] 
=== Project Setup
[info] 
[info] First, let's associate this project directory with a Firebase project.
[info] You can create multiple project aliases by running firebase use --add, 
[info] but for now we'll just set up a default project.
[info] 
[debug] [2023-07-11T19:04:02.034Z] > refreshing access token with scopes: []
[debug] [2023-07-11T19:04:02.036Z] >>> [apiv2][query] POST https://www.googleapis.com/oauth2/v3/token [none]
[debug] [2023-07-11T19:04:02.036Z] >>> [apiv2][body] POST https://www.googleapis.com/oauth2/v3/token [omitted]
[debug] [2023-07-11T19:04:02.315Z] <<< [apiv2][status] POST https://www.googleapis.com/oauth2/v3/token 200
[debug] [2023-07-11T19:04:02.315Z] <<< [apiv2][body] POST https://www.googleapis.com/oauth2/v3/token [omitted]
[debug] [2023-07-11T19:04:02.320Z] >>> [apiv2][query] GET https://firebase.googleapis.com/v1beta1/projects pageSize=100
[debug] [2023-07-11T19:04:03.399Z] <<< [apiv2][status] GET https://firebase.googleapis.com/v1beta1/projects 200
[debug] [2023-07-11T19:04:03.399Z] <<< [apiv2][body] GET https://firebase.googleapis.com/v1beta1/projects [omitted]
[info] i  Using project abstractwebsite-f3697 (AbstractWebsite) 
[info] 
=== Hosting Setup
[info] 
[info] Your public directory is the folder (relative to your project directory) that
[info] will contain Hosting assets to be uploaded with firebase deploy. If you
[info] have a build process for your assets, use your build's output directory.
[info] 
[debug] [2023-07-11T19:04:13.766Z] >>> [apiv2][query] GET https://www.gstatic.com/firebasejs/releases.json [none]
[debug] [2023-07-11T19:04:13.965Z] <<< [apiv2][status] GET https://www.gstatic.com/firebasejs/releases.json 200
[debug] [2023-07-11T19:04:13.966Z] <<< [apiv2][body] GET https://www.gstatic.com/firebasejs/releases.json {"current":{"version":"10.0.0","browserURL":"https://www.gstatic.com/firebasejs/10.0.0/firebase.js","packageURL":"https://www.gstatic.com/firebasejs/10.0.0/firebase.tgz"},"live":{"version":"10.0","browserURL":"https://www.gstatic.com/firebasejs/live/10.0/firebase.js","packageURL":"https://www.gstatic.com/firebasejs/live/10.0/firebase.tgz"},"components":{"analytics":"https://www.gstatic.com/firebasejs/10.0.0/firebase-analytics.js","app":"https://www.gstatic.com/firebasejs/10.0.0/firebase-app.js","app-check":"https://www.gstatic.com/firebasejs/10.0.0/firebase-app-check.js","auth":"https://www.gstatic.com/firebasejs/10.0.0/firebase-auth.js","auth/cordova":"https://www.gstatic.com/firebasejs/10.0.0/firebase-auth/cordova.js","functions":"https://www.gstatic.com/firebasejs/10.0.0/firebase-functions.js","firestore":"https://www.gstatic.com/firebasejs/10.0.0/firebase-firestore.js","firestore/lite":"https://www.gstatic.com/firebasejs/10.0.0/firebase-firestore/lite.js","installations":"https://www.gstatic.com/firebasejs/10.0.0/firebase-installations.js","storage":"https://www.gstatic.com/firebasejs/10.0.0/firebase-storage.js","performance":"https://www.gstatic.com/firebasejs/10.0.0/firebase-performance.js","remote-config":"https://www.gstatic.com/firebasejs/10.0.0/firebase-remote-config.js","messaging":"https://www.gstatic.com/firebasejs/10.0.0/firebase-messaging.js","messaging/sw":"https://www.gstatic.com/firebasejs/10.0.0/firebase-messaging/sw.js","database":"https://www.gstatic.com/firebasejs/10.0.0/firebase-database.js","firestore.memory":"https://www.gstatic.com/firebasejs/10.0.0/firebase-firestore.memory.js"}}
[debug] [2023-07-11T19:04:14.148Z] Error: ENOTDIR: not a directory, scandir 'C:\Users\MSI\OneDrive\Desktop\11-07-2023\Abstracthtml\index.html'
    at Object.readdirSync (node:fs:1452:3)
    at Object.createFileSync (C:\Users\MSI\AppData\Roaming\npm\node_modules\firebase-tools\node_modules\fs-extra\lib\ensure\file.js:55:10)
    at Config.writeProjectFile (C:\Users\MSI\AppData\Roaming\npm\node_modules\firebase-tools\lib\config.js:152:12)
    at C:\Users\MSI\AppData\Roaming\npm\node_modules\firebase-tools\lib\config.js:176:22
    at process.processTicksAndRejections (node:internal/process/task_queues:95:5)
    at async doSetup (C:\Users\MSI\AppData\Roaming\npm\node_modules\firebase-tools\lib\init\features\hosting\index.js:145:9)
    at async init (C:\Users\MSI\AppData\Roaming\npm\node_modules\firebase-tools\lib\init\index.js:41:9)
[error] 
[error] Error: An unexpected error has occurred.
[debug] [2023-07-11T19:04:25.306Z] ----------------------------------------------------------------------
[debug] [2023-07-11T19:04:25.307Z] Command:       C:\Program Files\nodejs\node.exe C:\Users\MSI\AppData\Roaming\npm\node_modules\firebase-tools\lib\bin\firebase.js init
[debug] [2023-07-11T19:04:25.308Z] CLI Version:   12.4.2
[debug] [2023-07-11T19:04:25.308Z] Platform:      win32
[debug] [2023-07-11T19:04:25.308Z] Node Version:  v18.16.1
[debug] [2023-07-11T19:04:25.309Z] Time:          Wed Jul 12 2023 00:34:25 GMT+0530 (India Standard Time)
[debug] [2023-07-11T19:04:25.309Z] ----------------------------------------------------------------------
[debug] 
[debug] [2023-07-11T19:04:25.316Z] > command requires scopes: ["email","openid","https://www.googleapis.com/auth/cloudplatformprojects.readonly","https://www.googleapis.com/auth/firebase","https://www.googleapis.com/auth/cloud-platform"]
[debug] [2023-07-11T19:04:25.317Z] > authorizing via signed-in user (akashdagur3333@gmail.com)
[info] 
     ######## #### ########  ######## ########     ###     ######  ########
     ##        ##  ##     ## ##       ##     ##  ##   ##  ##       ##
     ######    ##  ########  ######   ########  #########  ######  ######
     ##        ##  ##    ##  ##       ##     ## ##     ##       ## ##
     ##       #### ##     ## ######## ########  ##     ##  ######  ########

You're about to initialize a Firebase project in this directory:

  C:\Users\MSI\OneDrive\Desktop\11-07-2023\Abstracthtml

[info] 
=== Account Setup
[info] 
[info] Which account do you want to use for this project? Choose an account or add a new one now
[info] 
[debug] [2023-07-11T19:04:33.062Z] setProjectAccount(C:\Users\MSI\OneDrive\Desktop\11-07-2023\Abstracthtml, ramangroverind@gmail.com)
[info] 
[info] +  Using account: ramangroverind@gmail.com 
[info] 
=== Project Setup
[info] 
[info] First, let's associate this project directory with a Firebase project.
[info] You can create multiple project aliases by running firebase use --add, 
[info] but for now we'll just set up a default project.
[info] 
[debug] [2023-07-11T19:04:34.812Z] > refreshing access token with scopes: []
[debug] [2023-07-11T19:04:34.814Z] >>> [apiv2][query] POST https://www.googleapis.com/oauth2/v3/token [none]
[debug] [2023-07-11T19:04:34.814Z] >>> [apiv2][body] POST https://www.googleapis.com/oauth2/v3/token [omitted]
[debug] [2023-07-11T19:04:35.075Z] <<< [apiv2][status] POST https://www.googleapis.com/oauth2/v3/token 200
[debug] [2023-07-11T19:04:35.075Z] <<< [apiv2][body] POST https://www.googleapis.com/oauth2/v3/token [omitted]
[debug] [2023-07-11T19:04:35.080Z] >>> [apiv2][query] GET https://firebase.googleapis.com/v1beta1/projects pageSize=100
[debug] [2023-07-11T19:04:36.117Z] <<< [apiv2][status] GET https://firebase.googleapis.com/v1beta1/projects 200
[debug] [2023-07-11T19:04:36.117Z] <<< [apiv2][body] GET https://firebase.googleapis.com/v1beta1/projects [omitted]
[info] i  Using project abstractwebsite-f3697 (AbstractWebsite) 
[info] 
=== Hosting Setup
[info] 
[info] Your public directory is the folder (relative to your project directory) that
[info] will contain Hosting assets to be uploaded with firebase deploy. If you
[info] have a build process for your assets, use your build's output directory.
[info] 
[debug] [2023-07-11T19:04:54.904Z] Error: ENOTDIR: not a directory, scandir 'C:\Users\MSI\OneDrive\Desktop\11-07-2023\Abstracthtml\index.html'
    at Object.readdirSync (node:fs:1452:3)
    at Object.createFileSync (C:\Users\MSI\AppData\Roaming\npm\node_modules\firebase-tools\node_modules\fs-extra\lib\ensure\file.js:55:10)
    at Config.writeProjectFile (C:\Users\MSI\AppData\Roaming\npm\node_modules\firebase-tools\lib\config.js:152:12)
    at C:\Users\MSI\AppData\Roaming\npm\node_modules\firebase-tools\lib\config.js:176:22
    at process.processTicksAndRejections (node:internal/process/task_queues:95:5)
    at async doSetup (C:\Users\MSI\AppData\Roaming\npm\node_modules\firebase-tools\lib\init\features\hosting\index.js:141:13)
    at async init (C:\Users\MSI\AppData\Roaming\npm\node_modules\firebase-tools\lib\init\index.js:41:9)
[error] 
[error] Error: An unexpected error has occurred.
